<?xml version="1.0" encoding="UTF-8"?>
<testng-results skipped="0" failed="0" ignored="0" total="1" passed="1">
  <reporter-output>
  </reporter-output>
  <suite name="Default suite" duration-ms="74" started-at="2022-03-24T22:34:11 IST" finished-at="2022-03-24T22:34:12 IST">
    <groups>
    </groups>
    <test name="Default test" duration-ms="74" started-at="2022-03-24T22:34:11 IST" finished-at="2022-03-24T22:34:12 IST">
      <class name="TestYantra.GITPracticeProject.Sample1Test">
        <test-method status="PASS" signature="sample()[pri:0, instance:TestYantra.GITPracticeProject.Sample1Test@a7e666]" name="sample" duration-ms="20" started-at="2022-03-24T22:34:12 IST" finished-at="2022-03-24T22:34:12 IST">
          <reporter-output>
          </reporter-output>
        </test-method> <!-- sample -->
      </class> <!-- TestYantra.GITPracticeProject.Sample1Test -->
    </test> <!-- Default test -->
  </suite> <!-- Default suite -->
</testng-results>
